Jul 12, 2016 3:58:42 PM serverSide.MainServer getConnection
INFO: serverSocket create
Jul 12, 2016 3:58:48 PM serverSide.MainServer getConnection
INFO: serversSocket is listening to port:8080
Jul 12, 2016 3:58:48 PM serverSide.MainServer getRequest
INFO: get request from client
Jul 12, 2016 3:58:48 PM serverSide.MainServer sendResponse
INFO: send response to client
Jul 12, 2016 3:59:06 PM serverSide.MainServer getConnection
INFO: serverSocket create
Jul 12, 2016 3:59:08 PM serverSide.MainServer getConnection
INFO: serversSocket is listening to port:8080
Jul 12, 2016 3:59:08 PM serverSide.MainServer getRequest
INFO: get request from client
Jul 12, 2016 3:59:08 PM serverSide.MainServer sendResponse
INFO: send response to client
Jul 12, 2016 4:00:17 PM serverSide.MainServer getConnection
INFO: serverSocket create
Jul 12, 2016 4:00:19 PM serverSide.MainServer getConnection
INFO: serversSocket is listening to port:8080
Jul 12, 2016 4:00:19 PM serverSide.MainServer getRequest
INFO: get request from client
Jul 12, 2016 4:00:19 PM serverSide.MainServer sendResponse
INFO: send response to client
